2023-07-191 10:11:33 [main] INFO  com.sas.stm.AirportReport - Starting AirportReport on TCSVD9039 with PID 1660 (C:\Users\aje051\Downloads\AirportReport\AirportReport\AirportReport\target\classes started by aje051 in C:\Users\aje051\Downloads\AirportReport\AirportReport\AirportReport)
2023-07-191 10:11:33 [main] INFO  com.sas.stm.AirportReport - The following profiles are active: test
2023-07-191 10:11:35 [main] INFO  com.sas.stm.AirportReport - Started AirportReport in 3.065 seconds (JVM running for 4.414)
2023-07-191 10:11:35 [main] INFO  c.s.stm.service.AirportReportService - selectAirportData query :- SELECT s.NAME as airportName, s.STN as airportCode, s.COUNTRY as countryCode, s.LATITUDE as latitude, s.CITYNAME as cityName, s.LONGITUDE as longitude, s.CITY as cityCode, s.ICAO as ICAOAirportCode, s.TIMEZONE as TimeZone, c.Name as countryName FROM station s WITH (NOLOCK) inner join COUNTRY c WITH (NOLOCK) on s.COUNTRY = c.COUNTRY inner join TIMEZONE t WITH (NOLOCK) on s.TIMEZONE = t.TIMEZONE and s.COUNTRY = t.COUNTRY
2023-07-191 10:12:06 [main] ERROR c.s.stm.service.AirportReportService - error:org.springframework.jdbc.CannotGetJdbcConnectionException: Failed to obtain JDBC Connection; nested exception is com.microsoft.sqlserver.jdbc.SQLServerException: The TCP/IP connection to the host CWEUTFPMDB01.SASUAT.LOCAL, port 1433 has failed. Error: "connect timed out. Verify the connection properties. Make sure that an instance of SQL Server is running on the host and accepting TCP/IP connections at the port. Make sure that TCP connections to the port are not blocked by a firewall.".
2023-07-191 10:15:41 [main] INFO  com.sas.stm.AirportReport - Starting AirportReport on TCSVD9039 with PID 3056 (C:\Users\aje051\Downloads\AirportReport\AirportReport\AirportReport\target\classes started by aje051 in C:\Users\aje051\Downloads\AirportReport\AirportReport\AirportReport)
2023-07-191 10:15:41 [main] INFO  com.sas.stm.AirportReport - The following profiles are active: test
2023-07-191 10:15:42 [main] INFO  com.sas.stm.AirportReport - Started AirportReport in 2.134 seconds (JVM running for 2.985)
2023-07-191 10:15:42 [main] INFO  c.s.stm.service.AirportReportService - selectAirportData query :- SELECT s.NAME as airportName, s.STN as airportCode, s.COUNTRY as countryCode, s.LATITUDE as latitude, s.CITYNAME as cityName, s.LONGITUDE as longitude, s.CITY as cityCode, s.ICAO as ICAOAirportCode, s.TIMEZONE as TimeZone, c.Name as countryName FROM station s WITH (NOLOCK) inner join COUNTRY c WITH (NOLOCK) on s.COUNTRY = c.COUNTRY inner join TIMEZONE t WITH (NOLOCK) on s.TIMEZONE = t.TIMEZONE and s.COUNTRY = t.COUNTRY
2023-07-191 10:16:13 [main] ERROR c.s.stm.service.AirportReportService - error:org.springframework.jdbc.CannotGetJdbcConnectionException: Failed to obtain JDBC Connection; nested exception is com.microsoft.sqlserver.jdbc.SQLServerException: The TCP/IP connection to the host CWEUTFPMDB01.SASUAT.LOCAL, port 1433 has failed. Error: "connect timed out. Verify the connection properties. Make sure that an instance of SQL Server is running on the host and accepting TCP/IP connections at the port. Make sure that TCP connections to the port are not blocked by a firewall.".
2023-07-191 11:45:08 [main] INFO  com.sas.stm.AirportReport - Starting AirportReport on TCSVD9039 with PID 14304 (C:\Users\aje051\Downloads\AirportReport\AirportReport\AirportReport\target\classes started by aje051 in C:\Users\aje051\Downloads\AirportReport\AirportReport\AirportReport)
2023-07-191 11:45:08 [main] INFO  com.sas.stm.AirportReport - The following profiles are active: test
2023-07-191 11:45:10 [main] INFO  com.sas.stm.AirportReport - Started AirportReport in 2.502 seconds (JVM running for 3.412)
2023-07-191 11:45:10 [main] INFO  c.s.stm.service.AirportReportService - selectAirportData query :- SELECT s.NAME as airportName, s.STN as airportCode, s.COUNTRY as countryCode, s.LATITUDE as latitude, s.CITYNAME as cityName, s.LONGITUDE as longitude, s.CITY as cityCode, s.ICAO as ICAOAirportCode, s.TIMEZONE as TimeZone, c.Name as countryName FROM station s WITH (NOLOCK) inner join COUNTRY c WITH (NOLOCK) on s.COUNTRY = c.COUNTRY inner join TIMEZONE t WITH (NOLOCK) on s.TIMEZONE = t.TIMEZONE and s.COUNTRY = t.COUNTRY
2023-07-191 11:45:12 [main] ERROR c.s.stm.service.AirportReportService - error:org.springframework.jdbc.CannotGetJdbcConnectionException: Failed to obtain JDBC Connection; nested exception is com.microsoft.sqlserver.jdbc.SQLServerException: Login failed for user 'STM_FLTTST'. ClientConnectionId:1ec1d800-11eb-4a4d-87de-29f78b148697
2023-07-191 12:07:04 [main] INFO  com.sas.stm.AirportReport - Starting AirportReport on TCSVD9039 with PID 4500 (C:\Users\aje051\Downloads\AirportReport\AirportReport\AirportReport\target\classes started by aje051 in C:\Users\aje051\Downloads\AirportReport\AirportReport\AirportReport)
2023-07-191 12:07:04 [main] INFO  com.sas.stm.AirportReport - The following profiles are active: test
2023-07-191 12:07:06 [main] INFO  com.sas.stm.AirportReport - Started AirportReport in 2.154 seconds (JVM running for 3.016)
2023-07-191 12:07:06 [main] INFO  c.s.stm.service.AirportReportService - selectAirportData query :- SELECT s.NAME as airportName, s.STN as airportCode, s.COUNTRY as countryCode, s.LATITUDE as latitude, s.CITYNAME as cityName, s.LONGITUDE as longitude, s.CITY as cityCode, s.ICAO as ICAOAirportCode, s.TIMEZONE as TimeZone, c.Name as countryName FROM station s WITH (NOLOCK) inner join COUNTRY c WITH (NOLOCK) on s.COUNTRY = c.COUNTRY inner join TIMEZONE t WITH (NOLOCK) on s.TIMEZONE = t.TIMEZONE and s.COUNTRY = t.COUNTRY
2023-07-191 12:07:37 [main] ERROR c.s.stm.service.AirportReportService - error:org.springframework.jdbc.CannotGetJdbcConnectionException: Failed to obtain JDBC Connection; nested exception is com.microsoft.sqlserver.jdbc.SQLServerException: The TCP/IP connection to the host CWEUTFPMDB01.SASUAT.LOCAL, port 1433 has failed. Error: "connect timed out. Verify the connection properties. Make sure that an instance of SQL Server is running on the host and accepting TCP/IP connections at the port. Make sure that TCP connections to the port are not blocked by a firewall.".
2023-07-191 16:12:14 [main] INFO  com.sas.stm.AirportReport - Starting AirportReport on TCSVD9039 with PID 8216 (C:\Users\aje051\Downloads\AirportReport\AirportReport\AirportReport\target\classes started by aje051 in C:\Users\aje051\Downloads\AirportReport\AirportReport\AirportReport)
2023-07-191 16:12:14 [main] INFO  com.sas.stm.AirportReport - The following profiles are active: test
2023-07-191 16:12:17 [main] INFO  com.sas.stm.AirportReport - Started AirportReport in 3.89 seconds (JVM running for 5.401)
2023-07-191 16:12:17 [main] INFO  c.s.stm.service.AirportReportService - selectAirportData query :- SELECT s.NAME as airportName, s.STN as airportCode, s.COUNTRY as countryCode, s.LATITUDE as latitude, s.CITYNAME as cityName, s.LONGITUDE as longitude, s.CITY as cityCode, s.ICAO as ICAOAirportCode, s.TIMEZONE as TimeZone, c.Name as countryName FROM station s WITH (NOLOCK) inner join COUNTRY c WITH (NOLOCK) on s.COUNTRY = c.COUNTRY inner join TIMEZONE t WITH (NOLOCK) on s.TIMEZONE = t.TIMEZONE and s.COUNTRY = t.COUNTRY
2023-07-191 16:12:18 [main] INFO  c.s.stm.service.AirportReportService -  Successfully read a record from the flight suite db
2023-07-191 16:12:18 [main] INFO  c.s.stm.service.AirportReportService - read current date
2023-07-191 16:12:18 [main] INFO  c.s.stm.service.AirportReportService - FileDate :- 10JUL2023
2023-07-191 16:12:18 [main] INFO  c.s.stm.service.AirportReportService - Creating a csv file :- 
2023-07-191 16:12:18 [main] ERROR c.s.stm.service.AirportReportService - FileNotFoundException :- C:AirportReportAirportReportCSVFile\airport_10JUL2023.csv (The system cannot find the path specified)
2023-07-191 16:12:18 [main] ERROR c.s.stm.service.AirportReportService - error:java.lang.NullPointerException
